#
# A fatal error has been detected by the Java Runtime Environment:
#
#  Internal Error (safepoint.cpp:310), pid=7813, tid=0x0000000000003403
#  guarantee(PageArmed == 0) failed: invariant
#
# JRE version: Java(TM) SE Runtime Environment (8.0_101-b13) (build 1.8.0_101-b13)
# Java VM: Java HotSpot(TM) 64-Bit Server VM (25.101-b13 mixed mode bsd-amd64 compressed oops)
# Failed to write core dump. Core dumps have been disabled. To enable core dumping, try "ulimit -c unlimited" before starting Java again
#
# If you would like to submit a bug report, please visit:
#   http://bugreport.java.com/bugreport/crash.jsp
#

---------------  T H R E A D  ---------------

Current thread (0x00007fd5d9016800):  VMThread [stack: 0x0000700000a35000,0x0000700000b35000] [id=13315]

Stack: [0x0000700000a35000,0x0000700000b35000],  sp=0x0000700000b34910,  free space=1022k
Native frames: (J=compiled Java code, j=interpreted, Vv=VM code, C=native code)
V  [libjvm.dylib+0x5ae936]  VMError::report_and_die()+0x3f8
V  [libjvm.dylib+0x1e75af]  report_vm_error(char const*, int, char const*, char const*)+0x54
V  [libjvm.dylib+0x4e02b6]  SafepointSynchronize::begin()+0x2be
V  [libjvm.dylib+0x5b4f73]  VMThread::loop()+0x319
V  [libjvm.dylib+0x5b48a1]  VMThread::run()+0x79
V  [libjvm.dylib+0x48933a]  java_start(Thread*)+0xf6
C  [libsystem_pthread.dylib+0x399d]  _pthread_body+0x83
C  [libsystem_pthread.dylib+0x391a]  _pthread_body+0x0
C  [libsystem_pthread.dylib+0x1351]  thread_start+0xd

VM_Operation (0x00007fd5db118140): EnableBiasedLocking, mode: async safepoint, requested by thread 0x00007fd5da01b000


---------------  P R O C E S S  ---------------

Java Threads: ( => current thread )
  0x00007fd5da023000 JavaThread "Service Thread" daemon [_thread_blocked, id=20995, stack(0x00007000012d0000,0x00007000013d0000)]
  0x00007fd5d9817000 JavaThread "C1 CompilerThread3" daemon [_thread_blocked, id=20483, stack(0x00007000011cd000,0x00007000012cd000)]
  0x00007fd5d902e000 JavaThread "C2 CompilerThread2" daemon [_thread_blocked, id=19971, stack(0x00007000010ca000,0x00007000011ca000)]
  0x00007fd5d980e000 JavaThread "C2 CompilerThread1" daemon [_thread_blocked, id=19459, stack(0x0000700000fc7000,0x00007000010c7000)]
  0x00007fd5d8841000 JavaThread "C2 CompilerThread0" daemon [_thread_blocked, id=18947, stack(0x0000700000ec4000,0x0000700000fc4000)]
  0x00007fd5d8808800 JavaThread "Signal Dispatcher" daemon [_thread_blocked, id=15887, stack(0x0000700000dc1000,0x0000700000ec1000)]
  0x00007fd5da016000 JavaThread "Finalizer" daemon [_thread_blocked, id=14339, stack(0x0000700000c3b000,0x0000700000d3b000)]
  0x00007fd5da013000 JavaThread "Reference Handler" daemon [_thread_blocked, id=13827, stack(0x0000700000b38000,0x0000700000c38000)]
  0x00007fd5d880b800 JavaThread "main" [_thread_in_Java, id=5891, stack(0x000070000011a000,0x000070000021a000)]

Other Threads:
=>0x00007fd5d9016800 VMThread [stack: 0x0000700000a35000,0x0000700000b35000] [id=13315]
  0x00007fd5da01b000 WatcherThread [stack: 0x00007000013d3000,0x00007000014d3000] [id=21507]

VM state:synchronizing (normal execution)

VM Mutex/Monitor currently owned by a thread:  ([mutex/lock_event])
[0x00007fd5d8409190] Safepoint_lock - owner thread: 0x00007fd5d9016800
[0x00007fd5d8409210] Threads_lock - owner thread: 0x00007fd5d9016800

Heap:
 PSYoungGen      total 76288K, used 1310K [0x000000076ab00000, 0x0000000770000000, 0x00000007c0000000)
  eden space 65536K, 2% used [0x000000076ab00000,0x000000076ac47af0,0x000000076eb00000)
  from space 10752K, 0% used [0x000000076f580000,0x000000076f580000,0x0000000770000000)
  to   space 10752K, 0% used [0x000000076eb00000,0x000000076eb00000,0x000000076f580000)
 ParOldGen       total 175104K, used 0K [0x00000006c0000000, 0x00000006cab00000, 0x000000076ab00000)
  object space 175104K, 0% used [0x00000006c0000000,0x00000006c0000000,0x00000006cab00000)
 Metaspace       used 2693K, capacity 4562K, committed 4864K, reserved 1056768K
  class space    used 291K, capacity 386K, committed 512K, reserved 1048576K

Card table byte_map: [0x000000011a75d000,0x000000011af5e000] byte_map_base: 0x000000011715d000

Marking Bits: (ParMarkBitMap*) 0x000000010acedd20
 Begin Bits: [0x000000011b4b4000, 0x000000011f4b4000)
 End Bits:   [0x000000011f4b4000, 0x00000001234b4000)

Polling page: 0x000000010926a000

CodeCache: size=245760Kb used=1154Kb max_used=1160Kb free=244605Kb
 bounds [0x000000010b39d000, 0x000000010b60d000, 0x000000011a39d000]
 total_blobs=260 nmethods=23 adapters=152
 compilation: enabled

Compilation events (10 events):
Event: 0.079 Thread 0x00007fd5d8841000   19       4       p1::calculatePossi (16 bytes)
Event: 0.080 Thread 0x00007fd5d8841000 nmethod 19 0x000000010b4add90 code [0x000000010b4adf00, 0x000000010b4ae118]
Event: 0.080 Thread 0x00007fd5d980e000   20       4       p1::calculatePossi (16 bytes)
Event: 0.081 Thread 0x00007fd5d980e000 nmethod 20 0x000000010b4ad350 code [0x000000010b4ad4e0, 0x000000010b4ad7f8]
Event: 0.222 Thread 0x00007fd5d9817000   21 %     3       p1::findBR @ 144 (290 bytes)
Event: 0.224 Thread 0x00007fd5d9817000 nmethod 21% 0x000000010b4aec10 code [0x000000010b4af160, 0x000000010b4b4c18]
Event: 0.224 Thread 0x00007fd5d9817000   22       3       p1::findBR (290 bytes)
Event: 0.226 Thread 0x00007fd5d9817000 nmethod 22 0x000000010b4b68d0 code [0x000000010b4b6e00, 0x000000010b4bc698]
Event: 0.325 Thread 0x00007fd5d902e000   23 %     4       p1::findBR @ 144 (290 bytes)
Event: 0.333 Thread 0x00007fd5d902e000 nmethod 23% 0x000000010b4bf250 code [0x000000010b4bf460, 0x000000010b4bfff8]

GC Heap History (0 events):
No events

Deoptimization events (1 events):
Event: 0.080 Thread 0x00007fd5d880b800 Uncommon trap: reason=intrinsic action=make_not_entrant pc=0x000000010b4ae0c4 method=p1.calculatePossi(IID)D @ 5

Internal exceptions (2 events):
Event: 0.026 Thread 0x00007fd5d880b800 Exception <a 'java/lang/NoSuchMethodError': Method sun.misc.Unsafe.defineClass(Ljava/lang/String;[BII)Ljava/lang/Class; name or signature does not match> (0x000000076ab07cc0) thrown at [/HUDSON3/workspace/8-2-build-macosx-x86_64/jdk8u101/7261/hotspot/src/
Event: 0.026 Thread 0x00007fd5d880b800 Exception <a 'java/lang/NoSuchMethodError': Method sun.misc.Unsafe.prefetchRead(Ljava/lang/Object;J)V name or signature does not match> (0x000000076ab07fa8) thrown at [/HUDSON3/workspace/8-2-build-macosx-x86_64/jdk8u101/7261/hotspot/src/share/vm/prims/jni

Events (10 events):
Event: 0.076 loading class sun/misc/FloatingDecimal$ASCIIToBinaryConverter done
Event: 0.076 loading class sun/misc/FloatingDecimal$PreparedASCIIToBinaryBuffer done
Event: 0.076 loading class sun/misc/FDBigInteger
Event: 0.076 loading class sun/misc/FDBigInteger done
Event: 0.080 Thread 0x00007fd5d880b800 Uncommon trap: trap_request=0xffffffcc fr.pc=0x000000010b4ae0c4
Event: 0.080 Thread 0x00007fd5d880b800 DEOPT PACKING pc=0x000000010b4ae0c4 sp=0x00007000002197c0
Event: 0.080 Thread 0x00007fd5d880b800 DEOPT UNPACKING pc=0x000000010b3a2229 sp=0x0000700000219750 mode 2
Event: 0.348 Thread 0x00007fd5d880b800 DEOPT PACKING pc=0x000000010b4b4949 sp=0x0000700000219760
Event: 0.348 Thread 0x00007fd5d880b800 DEOPT UNPACKING pc=0x000000010b3e4633 sp=0x0000700000219570 mode 0
Event: 4.091 Executing VM operation: EnableBiasedLocking


Dynamic libraries:
0x0000000000874000 	/System/Library/Frameworks/Cocoa.framework/Versions/A/Cocoa
0x0000000000874000 	/System/Library/Frameworks/Security.framework/Versions/A/Security
0x0000000000874000 	/System/Library/Frameworks/ApplicationServices.framework/Versions/A/ApplicationServices
0x0000000000874000 	/usr/lib/libz.1.dylib
0x0000000000874000 	/usr/lib/libSystem.B.dylib
0x0000000000874000 	/usr/lib/libobjc.A.dylib
0x0000000000874000 	/System/Library/Frameworks/CoreFoundation.framework/Versions/A/CoreFoundation
0x0000000000874000 	/System/Library/Frameworks/Foundation.framework/Versions/C/Foundation
0x0000000000874000 	/System/Library/Frameworks/AppKit.framework/Versions/C/AppKit
0x0000000000874000 	/System/Library/Frameworks/CoreData.framework/Versions/A/CoreData
0x0000000000874000 	/System/Library/PrivateFrameworks/RemoteViewServices.framework/Versions/A/RemoteViewServices
0x0000000000874000 	/System/Library/PrivateFrameworks/UIFoundation.framework/Versions/A/UIFoundation
0x0000000000874000 	/usr/lib/libScreenReader.dylib
0x0000000000874000 	/System/Library/Frameworks/Accelerate.framework/Versions/A/Accelerate
0x0000000000874000 	/System/Library/Frameworks/IOSurface.framework/Versions/A/IOSurface
0x0000000000874000 	/System/Library/Frameworks/AudioToolbox.framework/Versions/A/AudioToolbox
0x0000000000874000 	/System/Library/Frameworks/AudioUnit.framework/Versions/A/AudioUnit
0x0000000000874000 	/System/Library/PrivateFrameworks/DataDetectorsCore.framework/Versions/A/DataDetectorsCore
0x0000000000874000 	/System/Library/PrivateFrameworks/DesktopServicesPriv.framework/Versions/A/DesktopServicesPriv
0x0000000000874000 	/System/Library/Frameworks/Carbon.framework/Versions/A/Frameworks/HIToolbox.framework/Versions/A/HIToolbox
0x0000000000874000 	/System/Library/Frameworks/QuartzCore.framework/Versions/A/QuartzCore
0x0000000000874000 	/System/Library/Frameworks/Carbon.framework/Versions/A/Frameworks/SpeechRecognition.framework/Versions/A/SpeechRecognition
0x0000000000874000 	/usr/lib/libauto.dylib
0x0000000000874000 	/usr/lib/libicucore.A.dylib
0x0000000000874000 	/usr/lib/libxml2.2.dylib
0x0000000000874000 	/System/Library/PrivateFrameworks/CoreUI.framework/Versions/A/CoreUI
0x0000000000874000 	/System/Library/Frameworks/CoreAudio.framework/Versions/A/CoreAudio
0x0000000000874000 	/System/Library/Frameworks/DiskArbitration.framework/Versions/A/DiskArbitration
0x0000000000874000 	/usr/lib/liblangid.dylib
0x0000000000874000 	/System/Library/PrivateFrameworks/MultitouchSupport.framework/Versions/A/MultitouchSupport
0x0000000000874000 	/System/Library/Frameworks/IOKit.framework/Versions/A/IOKit
0x0000000000874000 	/usr/lib/libDiagnosticMessagesClient.dylib
0x0000000000874000 	/System/Library/Frameworks/CoreServices.framework/Versions/A/CoreServices
0x0000000000874000 	/System/Library/PrivateFrameworks/PerformanceAnalysis.framework/Versions/A/PerformanceAnalysis
0x0000000000874000 	/System/Library/PrivateFrameworks/GenerationalStorage.framework/Versions/A/GenerationalStorage
0x0000000000874000 	/System/Library/Frameworks/OpenGL.framework/Versions/A/OpenGL
0x0000000000874000 	/System/Library/PrivateFrameworks/Sharing.framework/Versions/A/Sharing
0x0000000000874000 	/System/Library/Frameworks/CoreGraphics.framework/Versions/A/CoreGraphics
0x0000000000874000 	/System/Library/Frameworks/CoreImage.framework/Versions/A/CoreImage
0x0000000000874000 	/System/Library/Frameworks/CoreText.framework/Versions/A/CoreText
0x0000000000874000 	/System/Library/Frameworks/ImageIO.framework/Versions/A/ImageIO
0x0000000000874000 	/System/Library/PrivateFrameworks/Backup.framework/Versions/A/Backup
0x0000000000874000 	/usr/lib/libextension.dylib
0x0000000000874000 	/usr/lib/libarchive.2.dylib
0x0000000000874000 	/System/Library/Frameworks/CFNetwork.framework/Versions/A/CFNetwork
0x0000000000874000 	/System/Library/Frameworks/SystemConfiguration.framework/Versions/A/SystemConfiguration
0x0000000000874000 	/usr/lib/libCRFSuite.dylib
0x0000000000874000 	/usr/lib/libc++.1.dylib
0x0000000000874000 	/usr/lib/libc++abi.dylib
0x0000000000874000 	/usr/lib/system/libcache.dylib
0x0000000000874000 	/usr/lib/system/libcommonCrypto.dylib
0x0000000000874000 	/usr/lib/system/libcompiler_rt.dylib
0x0000000000874000 	/usr/lib/system/libcopyfile.dylib
0x0000000000874000 	/usr/lib/system/libcorecrypto.dylib
0x0000000000874000 	/usr/lib/system/libdispatch.dylib
0x0000000000874000 	/usr/lib/system/libdyld.dylib
0x0000000000874000 	/usr/lib/system/libkeymgr.dylib
0x0000000000874000 	/usr/lib/system/liblaunch.dylib
0x0000000000874000 	/usr/lib/system/libmacho.dylib
0x0000000000874000 	/usr/lib/system/libquarantine.dylib
0x0000000000874000 	/usr/lib/system/libremovefile.dylib
0x0000000000874000 	/usr/lib/system/libsystem_asl.dylib
0x0000000000874000 	/usr/lib/system/libsystem_blocks.dylib
0x0000000000874000 	/usr/lib/system/libsystem_c.dylib
0x0000000000874000 	/usr/lib/system/libsystem_configuration.dylib
0x0000000000874000 	/usr/lib/system/libsystem_coreservices.dylib
0x0000000000874000 	/usr/lib/system/libsystem_coretls.dylib
0x0000000000874000 	/usr/lib/system/libsystem_dnssd.dylib
0x0000000000874000 	/usr/lib/system/libsystem_info.dylib
0x0000000000874000 	/usr/lib/system/libsystem_kernel.dylib
0x0000000000874000 	/usr/lib/system/libsystem_m.dylib
0x0000000000874000 	/usr/lib/system/libsystem_malloc.dylib
0x0000000000874000 	/usr/lib/system/libsystem_network.dylib
0x0000000000874000 	/usr/lib/system/libsystem_networkextension.dylib
0x0000000000874000 	/usr/lib/system/libsystem_notify.dylib
0x0000000000874000 	/usr/lib/system/libsystem_platform.dylib
0x0000000000874000 	/usr/lib/system/libsystem_pthread.dylib
0x0000000000874000 	/usr/lib/system/libsystem_sandbox.dylib
0x0000000000874000 	/usr/lib/system/libsystem_secinit.dylib
0x0000000000874000 	/usr/lib/system/libsystem_trace.dylib
0x0000000000874000 	/usr/lib/system/libunc.dylib
0x0000000000874000 	/usr/lib/system/libunwind.dylib
0x0000000000874000 	/usr/lib/system/libxpc.dylib
0x0000000000874000 	/usr/lib/libenergytrace.dylib
0x0000000000874000 	/usr/lib/libbsm.0.dylib
0x0000000000874000 	/usr/lib/system/libkxld.dylib
0x0000000000874000 	/usr/lib/libxar.1.dylib
0x0000000000874000 	/usr/lib/libsqlite3.dylib
0x0000000000874000 	/usr/lib/libpam.2.dylib
0x0000000000874000 	/usr/lib/libOpenScriptingUtil.dylib
0x0000000000874000 	/usr/lib/libbz2.1.0.dylib
0x0000000000874000 	/usr/lib/liblzma.5.dylib
0x0000000000874000 	/System/Library/Frameworks/CoreServices.framework/Versions/A/Frameworks/FSEvents.framework/Versions/A/FSEvents
0x0000000000874000 	/System/Library/Frameworks/CoreServices.framework/Versions/A/Frameworks/CarbonCore.framework/Versions/A/CarbonCore
0x0000000000874000 	/System/Library/Frameworks/CoreServices.framework/Versions/A/Frameworks/Metadata.framework/Versions/A/Metadata
0x0000000000874000 	/System/Library/Frameworks/CoreServices.framework/Versions/A/Frameworks/OSServices.framework/Versions/A/OSServices
0x0000000000874000 	/System/Library/Frameworks/CoreServices.framework/Versions/A/Frameworks/SearchKit.framework/Versions/A/SearchKit
0x0000000000874000 	/System/Library/Frameworks/CoreServices.framework/Versions/A/Frameworks/AE.framework/Versions/A/AE
0x0000000000874000 	/System/Library/Frameworks/CoreServices.framework/Versions/A/Frameworks/LaunchServices.framework/Versions/A/LaunchServices
0x0000000000874000 	/System/Library/Frameworks/CoreServices.framework/Versions/A/Frameworks/DictionaryServices.framework/Versions/A/DictionaryServices
0x0000000000874000 	/System/Library/Frameworks/CoreServices.framework/Versions/A/Frameworks/SharedFileList.framework/Versions/A/SharedFileList
0x0000000000874000 	/System/Library/Frameworks/NetFS.framework/Versions/A/NetFS
0x0000000000874000 	/System/Library/PrivateFrameworks/NetAuth.framework/Versions/A/NetAuth
0x0000000000874000 	/System/Library/PrivateFrameworks/login.framework/Versions/A/Frameworks/loginsupport.framework/Versions/A/loginsupport
0x0000000000874000 	/System/Library/PrivateFrameworks/TCC.framework/Versions/A/TCC
0x0000000000874000 	/usr/lib/libmecabra.dylib
0x0000000000874000 	/System/Library/Frameworks/ApplicationServices.framework/Versions/A/Frameworks/ATS.framework/Versions/A/ATS
0x0000000000874000 	/System/Library/Frameworks/ApplicationServices.framework/Versions/A/Frameworks/ColorSync.framework/Versions/A/ColorSync
0x0000000000874000 	/System/Library/Frameworks/ApplicationServices.framework/Versions/A/Frameworks/HIServices.framework/Versions/A/HIServices
0x0000000000874000 	/System/Library/Frameworks/ApplicationServices.framework/Versions/A/Frameworks/LangAnalysis.framework/Versions/A/LangAnalysis
0x0000000000874000 	/System/Library/Frameworks/ApplicationServices.framework/Versions/A/Frameworks/PrintCore.framework/Versions/A/PrintCore
0x0000000000874000 	/System/Library/Frameworks/ApplicationServices.framework/Versions/A/Frameworks/QD.framework/Versions/A/QD
0x0000000000874000 	/System/Library/Frameworks/ApplicationServices.framework/Versions/A/Frameworks/SpeechSynthesis.framework/Versions/A/SpeechSynthesis
0x0000000000874000 	/System/Library/Frameworks/Metal.framework/Versions/A/Metal
0x0000000000874000 	/System/Library/Frameworks/Accelerate.framework/Versions/A/Frameworks/vImage.framework/Versions/A/vImage
0x0000000000874000 	/System/Library/Frameworks/Accelerate.framework/Versions/A/Frameworks/vecLib.framework/Versions/A/vecLib
0x0000000000874000 	/System/Library/Frameworks/Accelerate.framework/Versions/A/Frameworks/vecLib.framework/Versions/A/libvDSP.dylib
0x0000000000874000 	/System/Library/Frameworks/Accelerate.framework/Versions/A/Frameworks/vecLib.framework/Versions/A/libvMisc.dylib
0x0000000000874000 	/System/Library/Frameworks/Accelerate.framework/Versions/A/Frameworks/vecLib.framework/Versions/A/libLAPACK.dylib
0x0000000000874000 	/System/Library/Frameworks/Accelerate.framework/Versions/A/Frameworks/vecLib.framework/Versions/A/libBLAS.dylib
0x0000000000874000 	/System/Library/Frameworks/Accelerate.framework/Versions/A/Frameworks/vecLib.framework/Versions/A/libLinearAlgebra.dylib
0x0000000000874000 	/System/Library/Frameworks/Accelerate.framework/Versions/A/Frameworks/vecLib.framework/Versions/A/libSparseBLAS.dylib
0x0000000000874000 	/System/Library/PrivateFrameworks/GPUCompiler.framework/libmetal_timestamp.dylib
0x0000000000874000 	/System/Library/Frameworks/OpenGL.framework/Versions/A/Libraries/libCoreFSCache.dylib
0x0000000000874000 	/System/Library/PrivateFrameworks/IOAccelerator.framework/Versions/A/IOAccelerator
0x0000000000874000 	/System/Library/Frameworks/ApplicationServices.framework/Versions/A/Frameworks/ATS.framework/Versions/A/Resources/libFontParser.dylib
0x0000000000874000 	/System/Library/Frameworks/ApplicationServices.framework/Versions/A/Frameworks/ATS.framework/Versions/A/Resources/libFontRegistry.dylib
0x0000000000874000 	/System/Library/PrivateFrameworks/AppleVPA.framework/Versions/A/AppleVPA
0x0000000000874000 	/System/Library/PrivateFrameworks/AppleJPEG.framework/Versions/A/AppleJPEG
0x0000000000874000 	/System/Library/Frameworks/ImageIO.framework/Versions/A/Resources/libJPEG.dylib
0x0000000000874000 	/System/Library/Frameworks/ImageIO.framework/Versions/A/Resources/libTIFF.dylib
0x0000000000874000 	/System/Library/Frameworks/ImageIO.framework/Versions/A/Resources/libPng.dylib
0x0000000000874000 	/System/Library/Frameworks/ImageIO.framework/Versions/A/Resources/libGIF.dylib
0x0000000000874000 	/System/Library/Frameworks/ImageIO.framework/Versions/A/Resources/libJP2.dylib
0x0000000000874000 	/System/Library/Frameworks/ImageIO.framework/Versions/A/Resources/libRadiance.dylib
0x0000000000874000 	/System/Library/Frameworks/CoreVideo.framework/Versions/A/CoreVideo
0x0000000000874000 	/System/Library/Frameworks/OpenGL.framework/Versions/A/Libraries/libGLU.dylib
0x0000000000874000 	/System/Library/Frameworks/OpenGL.framework/Versions/A/Libraries/libGFXShared.dylib
0x0000000000874000 	/System/Library/Frameworks/OpenGL.framework/Versions/A/Libraries/libGL.dylib
0x0000000000874000 	/System/Library/Frameworks/OpenGL.framework/Versions/A/Libraries/libGLImage.dylib
0x0000000000874000 	/System/Library/Frameworks/OpenGL.framework/Versions/A/Libraries/libCVMSPluginSupport.dylib
0x0000000000874000 	/System/Library/Frameworks/OpenGL.framework/Versions/A/Libraries/libCoreVMClient.dylib
0x0000000000874000 	/usr/lib/libcompression.dylib
0x0000000000874000 	/usr/lib/libcups.2.dylib
0x0000000000874000 	/System/Library/Frameworks/Kerberos.framework/Versions/A/Kerberos
0x0000000000874000 	/System/Library/Frameworks/GSS.framework/Versions/A/GSS
0x0000000000874000 	/usr/lib/libresolv.9.dylib
0x0000000000874000 	/usr/lib/libiconv.2.dylib
0x0000000000874000 	/System/Library/PrivateFrameworks/Heimdal.framework/Versions/A/Heimdal
0x0000000000874000 	/usr/lib/libheimdal-asn1.dylib
0x0000000000874000 	/System/Library/Frameworks/OpenDirectory.framework/Versions/A/OpenDirectory
0x0000000000874000 	/System/Library/PrivateFrameworks/CommonAuth.framework/Versions/A/CommonAuth
0x0000000000874000 	/System/Library/Frameworks/OpenDirectory.framework/Versions/A/Frameworks/CFOpenDirectory.framework/Versions/A/CFOpenDirectory
0x0000000000874000 	/System/Library/Frameworks/SecurityFoundation.framework/Versions/A/SecurityFoundation
0x0000000000874000 	/System/Library/PrivateFrameworks/LanguageModeling.framework/Versions/A/LanguageModeling
0x0000000000874000 	/usr/lib/libmarisa.dylib
0x0000000000874000 	/usr/lib/libChineseTokenizer.dylib
0x0000000000874000 	/usr/lib/libcmph.dylib
0x0000000000874000 	/System/Library/Frameworks/ServiceManagement.framework/Versions/A/ServiceManagement
0x0000000000874000 	/usr/lib/libxslt.1.dylib
0x0000000000874000 	/System/Library/Frameworks/Carbon.framework/Versions/A/Frameworks/Ink.framework/Versions/A/Ink
0x0000000000874000 	/usr/lib/libFosl_dynamic.dylib
0x0000000000874000 	/System/Library/PrivateFrameworks/FaceCore.framework/Versions/A/FaceCore
0x0000000000874000 	/System/Library/Frameworks/OpenCL.framework/Versions/A/OpenCL
0x0000000000874000 	/System/Library/PrivateFrameworks/CrashReporterSupport.framework/Versions/A/CrashReporterSupport
0x0000000000874000 	/System/Library/PrivateFrameworks/IconServices.framework/Versions/A/IconServices
0x0000000000874000 	/System/Library/PrivateFrameworks/Apple80211.framework/Versions/A/Apple80211
0x0000000000874000 	/System/Library/Frameworks/CoreWLAN.framework/Versions/A/CoreWLAN
0x0000000000874000 	/System/Library/Frameworks/IOBluetooth.framework/Versions/A/IOBluetooth
0x0000000000874000 	/System/Library/PrivateFrameworks/CoreWiFi.framework/Versions/A/CoreWiFi
0x0000000000874000 	/System/Library/Frameworks/CoreBluetooth.framework/Versions/A/CoreBluetooth
0x0000000000874000 	/System/Library/PrivateFrameworks/ChunkingLibrary.framework/Versions/A/ChunkingLibrary
0x0000000000874000 	/System/Library/PrivateFrameworks/DebugSymbols.framework/Versions/A/DebugSymbols
0x0000000000874000 	/System/Library/PrivateFrameworks/CoreSymbolication.framework/Versions/A/CoreSymbolication
0x0000000000874000 	/System/Library/PrivateFrameworks/Symbolication.framework/Versions/A/Symbolication
0x0000000000874000 	/System/Library/PrivateFrameworks/SpeechRecognitionCore.framework/Versions/A/SpeechRecognitionCore
0x000000010a400000 	/Library/Java/JavaVirtualMachines/jdk1.8.0_101.jdk/Contents/Home/jre/lib/server/libjvm.dylib
0x0000000000874000 	/usr/lib/libstdc++.6.dylib
0x0000000109227000 	/Library/Java/JavaVirtualMachines/jdk1.8.0_101.jdk/Contents/Home/jre/lib/libverify.dylib
0x0000000109235000 	/Library/Java/JavaVirtualMachines/jdk1.8.0_101.jdk/Contents/Home/jre/lib/libjava.dylib
0x0000000109274000 	/Library/Java/JavaVirtualMachines/jdk1.8.0_101.jdk/Contents/Home/jre/lib/libzip.dylib
0x00000001262ea000 	/System/Library/Frameworks/JavaVM.framework/Frameworks/JavaRuntimeSupport.framework/JavaRuntimeSupport
0x00000001093e7000 	/System/Library/Frameworks/JavaVM.framework/Versions/A/Frameworks/JavaNativeFoundation.framework/Versions/A/JavaNativeFoundation
0x0000000126305000 	/System/Library/Frameworks/JavaVM.framework/Versions/A/JavaVM
0x0000000000874000 	/System/Library/Frameworks/Carbon.framework/Versions/A/Carbon
0x0000000126312000 	/System/Library/PrivateFrameworks/JavaLaunching.framework/Versions/A/JavaLaunching
0x0000000000874000 	/System/Library/Frameworks/Carbon.framework/Versions/A/Frameworks/CommonPanels.framework/Versions/A/CommonPanels
0x0000000000874000 	/System/Library/Frameworks/Carbon.framework/Versions/A/Frameworks/Help.framework/Versions/A/Help
0x0000000000874000 	/System/Library/Frameworks/Carbon.framework/Versions/A/Frameworks/ImageCapture.framework/Versions/A/ImageCapture
0x0000000000874000 	/System/Library/Frameworks/Carbon.framework/Versions/A/Frameworks/OpenScripting.framework/Versions/A/OpenScripting
0x0000000000874000 	/System/Library/Frameworks/Carbon.framework/Versions/A/Frameworks/Print.framework/Versions/A/Print
0x0000000000874000 	/System/Library/Frameworks/Carbon.framework/Versions/A/Frameworks/SecurityHI.framework/Versions/A/SecurityHI

VM Arguments:
jvm_args: -Dfile.encoding=UTF-8 
java_command: test
java_class_path (initial): /Users/chy/Documents/workspace/P1/bin
Launcher Type: SUN_STANDARD

Environment Variables:
PATH=/usr/bin:/bin:/usr/sbin:/sbin
SHELL=/bin/bash

Signal Handlers:
SIGSEGV: [libjvm.dylib+0x5af145], sa_mask[0]=11111111011111110111111111111111, sa_flags=SA_ONSTACK|SA_RESTART|SA_SIGINFO
SIGBUS: [libjvm.dylib+0x5af145], sa_mask[0]=11111111011111110111111111111111, sa_flags=SA_RESTART|SA_SIGINFO
SIGFPE: [libjvm.dylib+0x48694c], sa_mask[0]=11111111011111110111111111111111, sa_flags=SA_RESTART|SA_SIGINFO
SIGPIPE: [libjvm.dylib+0x48694c], sa_mask[0]=11111111011111110111111111111111, sa_flags=SA_RESTART|SA_SIGINFO
SIGXFSZ: [libjvm.dylib+0x48694c], sa_mask[0]=11111111011111110111111111111111, sa_flags=SA_RESTART|SA_SIGINFO
SIGILL: [libjvm.dylib+0x48694c], sa_mask[0]=11111111011111110111111111111111, sa_flags=SA_RESTART|SA_SIGINFO
SIGUSR1: SIG_DFL, sa_mask[0]=00000000000000000000000000000000, sa_flags=none
SIGUSR2: [libjvm.dylib+0x48646a], sa_mask[0]=00100000000000000000000000000000, sa_flags=SA_RESTART|SA_SIGINFO
SIGHUP: [libjvm.dylib+0x484a41], sa_mask[0]=11111111011111110111111111111111, sa_flags=SA_RESTART|SA_SIGINFO
SIGINT: [libjvm.dylib+0x484a41], sa_mask[0]=11111111011111110111111111111111, sa_flags=SA_RESTART|SA_SIGINFO
SIGTERM: [libjvm.dylib+0x484a41], sa_mask[0]=11111111011111110111111111111111, sa_flags=SA_RESTART|SA_SIGINFO
SIGQUIT: [libjvm.dylib+0x484a41], sa_mask[0]=11111111011111110111111111111111, sa_flags=SA_RESTART|SA_SIGINFO


---------------  S Y S T E M  ---------------

OS:Bsduname:Darwin 15.5.0 Darwin Kernel Version 15.5.0: Tue Apr 19 18:36:36 PDT 2016; root:xnu-3248.50.21~8/RELEASE_X86_64 x86_64
rlimit: STACK 8192k, CORE 0k, NPROC 709, NOFILE 10240, AS infinity
load average:3.38 3.21 2.69

CPU:total 8 (4 cores per cpu, 2 threads per core) family 6 model 70 stepping 1, cmov, cx8, fxsr, mmx, sse, sse2, sse3, ssse3, sse4.1, sse4.2, popcnt, avx, avx2, aes, clmul, erms, lzcnt, ht, tsc, tscinvbit, bmi1, bmi2

Memory: 4k page, physical 16777216k(3249988k free)

/proc/meminfo:


vm_info: Java HotSpot(TM) 64-Bit Server VM (25.101-b13) for bsd-amd64 JRE (1.8.0_101-b13), built on Jun 22 2016 02:42:15 by "java_re" with gcc 4.2.1 (Based on Apple Inc. build 5658) (LLVM build 2336.11.00)

time: Sat Apr 15 19:04:48 2017
elapsed time: 431 seconds (0d 0h 7m 11s)

